<?xml version="1.0" encoding="UTF-8"?>
<!-- Generated by org.testng.reporters.JUnitXMLReporter -->
<testsuite hostname="DESKTOP-302Q34G" ignored="0" name="Test" tests="22" failures="2" timestamp="2020-01-08T23:25:10 IST" time="104.527" errors="0">
  <testcase name="googleTitleTest" time="0.033" classname="TestNGSession.groupsFeature"/>
  <testcase name="googleLogoTest" time="0.227" classname="TestNGSession.groupsFeature"/>
  <testcase name="test1" time="0.001" classname="TestNGSession.groupsFeature"/>
  <testcase name="test2" time="0.002" classname="TestNGSession.groupsFeature"/>
  <testcase name="googleTitleTest" time="0.021" classname="TestNGSession.googleTest"/>
  <testcase name="googleLogoTest" time="0.162" classname="TestNGSession.googleTest"/>
  <testcase name="homePageTest" time="0.003" classname="TestNGSession.invocationCountFeature"/>
  <testcase name="homePageTest" time="0.006" classname="TestNGSession.invocationCountFeature"/>
  <testcase name="homePageTest" time="0.009" classname="TestNGSession.invocationCountFeature"/>
  <testcase name="homePageTest" time="0.003" classname="TestNGSession.invocationCountFeature"/>
  <testcase name="homePageTest" time="0.004" classname="TestNGSession.invocationCountFeature"/>
  <testcase name="homePageTest" time="0.004" classname="TestNGSession.invocationCountFeature"/>
  <testcase name="homePageTest" time="0.004" classname="TestNGSession.invocationCountFeature"/>
  <testcase name="homePageTest" time="0.002" classname="TestNGSession.invocationCountFeature"/>
  <testcase name="homePageTest" time="0.002" classname="TestNGSession.invocationCountFeature"/>
  <testcase name="homePageTest" time="0.004" classname="TestNGSession.invocationCountFeature"/>
  <testcase name="googleLogoTest" time="0.176" classname="TestNGSession.assertioninTestNG"/>
  <testcase name="googleTitleTest" time="0.021" classname="TestNGSession.assertioninTestNG">
    <failure type="java.lang.AssertionError" message="title does not match expected [Google123] but found [Google]">
      <![CDATA[java.lang.AssertionError: title does not match expected [Google123] but found [Google]
at TestNGSession.assertioninTestNG.googleTitleTest(assertioninTestNG.java:35)
at java.util.ArrayList.forEach(ArrayList.java:1257)
... Removed 31 stack frames]]>
    </failure>
  </testcase> <!-- googleTitleTest -->
  <testcase name="test" time="0.004" classname="TestNGSession.expectedExceptionFeature"/>
  <testcase name="loginTest" time="0.007" classname="TestNGSession.dependsonMethodsfeature">
    <failure type="java.lang.ArithmeticException" message="/ by zero">
      <![CDATA[java.lang.ArithmeticException: / by zero
at TestNGSession.dependsonMethodsfeature.loginTest(dependsonMethodsfeature.java:12)
at java.util.ArrayList.forEach(ArrayList.java:1257)
... Removed 27 stack frames]]>
    </failure>
  </testcase> <!-- loginTest -->
  <testcase name="homePageTest" time="0.0" classname="TestNGSession.dependsonMethodsfeature">
    <skipped/>
  </testcase> <!-- homePageTest -->
  <testcase name="searchPageTest" time="0.0" classname="TestNGSession.dependsonMethodsfeature">
    <skipped/>
  </testcase> <!-- searchPageTest -->
</testsuite> <!-- Test -->
